<?xml version="1.0" encoding="UTF-8"?>
<testsuite name="google search the word angeles" tests="1" skipped="0" failures="0" errors="0" timestamp="2021-05-14T14:44:24" hostname="MATEOLOAIZA" time="10.661">
  <properties/>
  <testcase name="google search the Word angeles" classname="google search the word angeles" time="10.661"/>
  <system-out><![CDATA[]]></system-out>
  <system-err><![CDATA[[Test worker] INFO net.thucydides.core.steps.ConsoleLoggingListener - STARTING STEP Given the user wants open browser an got to google
[Test worker] INFO net.thucydides.core.steps.ConsoleLoggingListener - STARTING STEP Usuario open google
[Test worker] INFO net.thucydides.core.steps.ConsoleLoggingListener - STARTING STEP usuario opens the Google page
may 14, 2021 9:44:25 AM org.openqa.selenium.remote.DesiredCapabilities chrome
INFORMACIÓN: Using `new ChromeOptions()` is preferred to `DesiredCapabilities.chrome()`
Starting ChromeDriver 89.0.4389.23 (61b08ee2c50024bab004e48d2b1b083cdbdac579-refs/branch-heads/4389@{#294}) on port 30347
Only local connections are allowed.
Please see https://chromedriver.chromium.org/security-considerations for suggestions on keeping ChromeDriver safe.
ChromeDriver was started successfully.
[1621003468.486][WARNING]: This version of ChromeDriver has not been tested with Chrome version 90.
may 14, 2021 9:44:28 AM org.openqa.selenium.remote.ProtocolHandshake createSession
INFORMACIÓN: Detected dialect: W3C
[Test worker] INFO net.thucydides.core.steps.ConsoleLoggingListener - FINISHING STEP
[Test worker] INFO net.thucydides.core.steps.ConsoleLoggingListener - FINISHING STEP
[Test worker] INFO net.thucydides.core.steps.ConsoleLoggingListener - FINISHING STEP
[Test worker] INFO net.thucydides.core.steps.ConsoleLoggingListener - STARTING STEP When he search the word angeles
[Test worker] INFO net.thucydides.core.steps.ConsoleLoggingListener - STARTING STEP Usuario input google
[Test worker] INFO net.thucydides.core.steps.ConsoleLoggingListener - STARTING STEP usuario enters 'angeles' into Google Input
[Test worker] INFO net.thucydides.core.steps.ConsoleLoggingListener - FINISHING STEP
[Test worker] INFO net.thucydides.core.steps.ConsoleLoggingListener - STARTING STEP usuario clicks on First result
[Test worker] INFO net.thucydides.core.steps.ConsoleLoggingListener - FINISHING STEP
[Test worker] INFO net.thucydides.core.steps.ConsoleLoggingListener - FINISHING STEP
[Test worker] INFO net.thucydides.core.steps.ConsoleLoggingListener - FINISHING STEP
[Test worker] INFO net.thucydides.core.steps.ConsoleLoggingListener - STARTING STEP Then he verifies the tittle in the first publication
[Test worker] INFO net.thucydides.core.steps.ConsoleLoggingListener - STARTING STEP Then check word
[Test worker] INFO net.thucydides.core.steps.ConsoleLoggingListener - FINISHING STEP
[Test worker] INFO net.thucydides.core.steps.ConsoleLoggingListener - FINISHING STEP
[Test worker] INFO net.thucydides.core.steps.ConsoleLoggingListener - ?[92m
        __    _____ _____ ____ _____   ____   _    ____  ____  _____ ____  
  _     \ \  |_   _| ____/ ___|_   _| |  _ \ / \  / ___|/ ___|| ____|  _ \ 
 (_)_____| |   | | |  _| \___ \ | |   | |_) / _ \ \___ \\___ \|  _| | | | |
  _|_____| |   | | | |___ ___) || |   |  __/ ___ \ ___) |___) | |___| |_| |
 (_)     | |   |_| |_____|____/ |_|   |_| /_/   \_\____/|____/|_____|____/ 
        /_/                                                                

TEST PASSED: google search the Word angeles
----------------------------------------------------------------------------?[0m
]]></system-err>
</testsuite>
